<?xml version="1.0" encoding="UTF-8"?>
<testng-results ignored="0" total="1" passed="1" failed="0" skipped="0">
  <reporter-output>
  </reporter-output>
  <suite started-at="2023-06-25T11:35:06 ICT" name="Default suite" finished-at="2023-06-25T11:35:31 ICT" duration-ms="25510">
    <groups>
    </groups>
    <test started-at="2023-06-25T11:35:06 ICT" name="Default test" finished-at="2023-06-25T11:35:31 ICT" duration-ms="25510">
      <class name="tests.authen.LoginTest">
        <test-method signature="testLogin()[pri:0, instance:tests.authen.LoginTest@1dde4cb2]" started-at="2023-06-25T11:35:06 ICT" name="testLogin" finished-at="2023-06-25T11:35:31 ICT" duration-ms="25438" status="PASS">
          <reporter-output>
          </reporter-output>
        </test-method> <!-- testLogin -->
      </class> <!-- tests.authen.LoginTest -->
    </test> <!-- Default test -->
  </suite> <!-- Default suite -->
</testng-results>
